  FixedPointAriphmetic.cpp
C:\Users\ilyam\Downloads\easy_plot_cpp-master(1)\easy_plot_cpp-master\include\utility\easy_plot_hsv_to_rgb.hpp(18,21): warning C4244: инициализация: преобразование "double" в "float", возможна потеря данных
  (компиляция исходного файла "FixedPointAriphmetic.cpp")
  
C:\Users\ilyam\Downloads\easy_plot_cpp-master(1)\easy_plot_cpp-master\include\utility\easy_plot_hsv_to_rgb.hpp(26,25): warning C4244: =: преобразование "double" в "float", возможна потеря данных
  (компиляция исходного файла "FixedPointAriphmetic.cpp")
  
C:\Users\ilyam\Downloads\easy_plot_cpp-master(1)\easy_plot_cpp-master\include\utility\easy_plot_hsv_to_rgb.hpp(37,25): warning C4244: =: преобразование "double" в "float", возможна потеря данных
  (компиляция исходного файла "FixedPointAriphmetic.cpp")
  
C:\Users\ilyam\Downloads\easy_plot_cpp-master(1)\easy_plot_cpp-master\include\utility\easy_plot_hsv_to_rgb.hpp(48,25): warning C4244: =: преобразование "double" в "float", возможна потеря данных
  (компиляция исходного файла "FixedPointAriphmetic.cpp")
  
C:\Users\ilyam\Downloads\easy_plot_cpp-master(1)\easy_plot_cpp-master\include\main\easy_plot_draw.hpp(393,36): warning C4244: инициализация: преобразование "double" в "float", возможна потеря данных
  (компиляция исходного файла "FixedPointAriphmetic.cpp")
  
C:\Users\ilyam\Downloads\easy_plot_cpp-master(1)\easy_plot_cpp-master\include\main\easy_plot_draw.hpp(428,81): warning C4244: аргумент: преобразование "double" в "GLfloat", возможна потеря данных
  (компиляция исходного файла "FixedPointAriphmetic.cpp")
  
C:\Users\ilyam\Downloads\easy_plot_cpp-master(1)\easy_plot_cpp-master\include\main\easy_plot_draw.hpp(428,64): warning C4244: аргумент: преобразование "double" в "GLfloat", возможна потеря данных
  (компиляция исходного файла "FixedPointAriphmetic.cpp")
  
C:\Users\ilyam\Downloads\easy_plot_cpp-master(1)\easy_plot_cpp-master\include\main\easy_plot_draw.hpp(428,47): warning C4244: аргумент: преобразование "double" в "GLfloat", возможна потеря данных
  (компиляция исходного файла "FixedPointAriphmetic.cpp")
  
C:\Users\ilyam\Downloads\easy_plot_cpp-master(1)\easy_plot_cpp-master\include\main\easy_plot_draw.hpp(430,40): warning C4244: аргумент: преобразование "double" в "GLfloat", возможна потеря данных
  (компиляция исходного файла "FixedPointAriphmetic.cpp")
  
C:\Users\ilyam\Downloads\easy_plot_cpp-master(1)\easy_plot_cpp-master\include\main\easy_plot_draw.hpp(431,40): warning C4244: аргумент: преобразование "double" в "GLfloat", возможна потеря данных
  (компиляция исходного файла "FixedPointAriphmetic.cpp")
  
C:\Users\ilyam\Downloads\easy_plot_cpp-master(1)\easy_plot_cpp-master\include\main\easy_plot_draw.hpp(434,44): warning C4244: аргумент: преобразование "double" в "GLfloat", возможна потеря данных
  (компиляция исходного файла "FixedPointAriphmetic.cpp")
  
C:\Users\ilyam\Downloads\easy_plot_cpp-master(1)\easy_plot_cpp-master\include\main\easy_plot_draw.hpp(435,43): warning C4244: аргумент: преобразование "double" в "GLfloat", возможна потеря данных
  (компиляция исходного файла "FixedPointAriphmetic.cpp")
  
C:\Users\ilyam\Downloads\easy_plot_cpp-master(1)\easy_plot_cpp-master\include\main\easy_plot_draw.hpp(446,81): warning C4244: аргумент: преобразование "double" в "GLfloat", возможна потеря данных
  (компиляция исходного файла "FixedPointAriphmetic.cpp")
  
C:\Users\ilyam\Downloads\easy_plot_cpp-master(1)\easy_plot_cpp-master\include\main\easy_plot_draw.hpp(446,64): warning C4244: аргумент: преобразование "double" в "GLfloat", возможна потеря данных
  (компиляция исходного файла "FixedPointAriphmetic.cpp")
  
C:\Users\ilyam\Downloads\easy_plot_cpp-master(1)\easy_plot_cpp-master\include\main\easy_plot_draw.hpp(446,47): warning C4244: аргумент: преобразование "double" в "GLfloat", возможна потеря данных
  (компиляция исходного файла "FixedPointAriphmetic.cpp")
  
C:\Users\ilyam\Downloads\easy_plot_cpp-master(1)\easy_plot_cpp-master\include\main\easy_plot_draw.hpp(447,45): warning C4244: аргумент: преобразование "double" в "GLfloat", возможна потеря данных
  (компиляция исходного файла "FixedPointAriphmetic.cpp")
  
C:\Users\ilyam\Downloads\easy_plot_cpp-master(1)\easy_plot_cpp-master\include\main\easy_plot_draw.hpp(448,44): warning C4244: аргумент: преобразование "double" в "GLfloat", возможна потеря данных
  (компиляция исходного файла "FixedPointAriphmetic.cpp")
  
C:\Users\ilyam\Downloads\easy_plot_cpp-master(1)\easy_plot_cpp-master\include\main\easy_plot_draw.hpp(452,81): warning C4244: аргумент: преобразование "double" в "GLfloat", возможна потеря данных
  (компиляция исходного файла "FixedPointAriphmetic.cpp")
  
C:\Users\ilyam\Downloads\easy_plot_cpp-master(1)\easy_plot_cpp-master\include\main\easy_plot_draw.hpp(452,64): warning C4244: аргумент: преобразование "double" в "GLfloat", возможна потеря данных
  (компиляция исходного файла "FixedPointAriphmetic.cpp")
  
C:\Users\ilyam\Downloads\easy_plot_cpp-master(1)\easy_plot_cpp-master\include\main\easy_plot_draw.hpp(452,47): warning C4244: аргумент: преобразование "double" в "GLfloat", возможна потеря данных
  (компиляция исходного файла "FixedPointAriphmetic.cpp")
  
C:\Users\ilyam\Downloads\easy_plot_cpp-master(1)\easy_plot_cpp-master\include\main\easy_plot_draw.hpp(453,41): warning C4244: аргумент: преобразование "double" в "GLfloat", возможна потеря данных
  (компиляция исходного файла "FixedPointAriphmetic.cpp")
  
C:\Users\ilyam\Downloads\easy_plot_cpp-master(1)\easy_plot_cpp-master\include\main\easy_plot_draw.hpp(454,41): warning C4244: аргумент: преобразование "double" в "GLfloat", возможна потеря данных
  (компиляция исходного файла "FixedPointAriphmetic.cpp")
  
C:\Users\ilyam\Downloads\easy_plot_cpp-master(1)\easy_plot_cpp-master\include\main\easy_plot_draw.hpp(474,85): warning C4244: аргумент: преобразование "double" в "GLfloat", возможна потеря данных
  (компиляция исходного файла "FixedPointAriphmetic.cpp")
  
C:\Users\ilyam\Downloads\easy_plot_cpp-master(1)\easy_plot_cpp-master\include\main\easy_plot_draw.hpp(474,67): warning C4244: аргумент: преобразование "double" в "GLfloat", возможна потеря данных
  (компиляция исходного файла "FixedPointAriphmetic.cpp")
  
C:\Users\ilyam\Downloads\easy_plot_cpp-master(1)\easy_plot_cpp-master\include\main\easy_plot_draw.hpp(474,49): warning C4244: аргумент: преобразование "double" в "GLfloat", возможна потеря данных
  (компиляция исходного файла "FixedPointAriphmetic.cpp")
  
C:\Users\ilyam\Downloads\easy_plot_cpp-master(1)\easy_plot_cpp-master\include\main\easy_plot_draw.hpp(486,53): warning C4267: =: преобразование из "size_t" в "int"; возможна потеря данных
  (компиляция исходного файла "FixedPointAriphmetic.cpp")
  
C:\Users\ilyam\Downloads\easy_plot_cpp-master(1)\easy_plot_cpp-master\include\main\easy_plot_draw.hpp(494,53): warning C4267: =: преобразование из "size_t" в "int"; возможна потеря данных
  (компиляция исходного файла "FixedPointAriphmetic.cpp")
  
C:\Users\ilyam\Downloads\easy_plot_cpp-master(1)\easy_plot_cpp-master\include\main\easy_plot_draw.hpp(500,44): warning C4244: аргумент: преобразование "double" в "GLfloat", возможна потеря данных
  (компиляция исходного файла "FixedPointAriphmetic.cpp")
  
C:\Users\ilyam\Downloads\easy_plot_cpp-master(1)\easy_plot_cpp-master\include\main\easy_plot_draw.hpp(500,40): warning C4244: аргумент: преобразование "double" в "GLfloat", возможна потеря данных
  (компиляция исходного файла "FixedPointAriphmetic.cpp")
  
C:\Users\ilyam\Downloads\easy_plot_cpp-master(1)\easy_plot_cpp-master\include\main\easy_plot_draw.hpp(501,44): warning C4244: аргумент: преобразование "double" в "GLfloat", возможна потеря данных
  (компиляция исходного файла "FixedPointAriphmetic.cpp")
  
C:\Users\ilyam\Downloads\easy_plot_cpp-master(1)\easy_plot_cpp-master\include\main\easy_plot_draw.hpp(501,40): warning C4244: аргумент: преобразование "double" в "GLfloat", возможна потеря данных
  (компиляция исходного файла "FixedPointAriphmetic.cpp")
  
C:\Users\ilyam\Downloads\easy_plot_cpp-master(1)\easy_plot_cpp-master\include\main\easy_plot_draw.hpp(508,77): warning C4244: аргумент: преобразование "double" в "GLfloat", возможна потеря данных
  (компиляция исходного файла "FixedPointAriphmetic.cpp")
  
C:\Users\ilyam\Downloads\easy_plot_cpp-master(1)\easy_plot_cpp-master\include\main\easy_plot_draw.hpp(508,60): warning C4244: аргумент: преобразование "double" в "GLfloat", возможна потеря данных
  (компиляция исходного файла "FixedPointAriphmetic.cpp")
  
C:\Users\ilyam\Downloads\easy_plot_cpp-master(1)\easy_plot_cpp-master\include\main\easy_plot_draw.hpp(508,43): warning C4244: аргумент: преобразование "double" в "GLfloat", возможна потеря данных
  (компиляция исходного файла "FixedPointAriphmetic.cpp")
  
C:\Users\ilyam\Downloads\easy_plot_cpp-master(1)\easy_plot_cpp-master\include\main\easy_plot_draw.hpp(523,53): warning C4244: аргумент: преобразование "double" в "GLfloat", возможна потеря данных
  (компиляция исходного файла "FixedPointAriphmetic.cpp")
  
C:\Users\ilyam\Downloads\easy_plot_cpp-master(1)\easy_plot_cpp-master\include\main\easy_plot_draw.hpp(522,53): warning C4244: аргумент: преобразование "double" в "GLfloat", возможна потеря данных
  (компиляция исходного файла "FixedPointAriphmetic.cpp")
  
C:\Users\ilyam\Downloads\easy_plot_cpp-master(1)\easy_plot_cpp-master\include\main\easy_plot_draw.hpp(521,53): warning C4244: аргумент: преобразование "double" в "GLfloat", возможна потеря данных
  (компиляция исходного файла "FixedPointAriphmetic.cpp")
  
C:\Users\ilyam\Downloads\easy_plot_cpp-master(1)\easy_plot_cpp-master\include\main\easy_plot_draw.hpp(526,98): warning C4244: аргумент: преобразование "double" в "const float", возможна потеря данных
  (компиляция исходного файла "FixedPointAriphmetic.cpp")
  
C:\Users\ilyam\Downloads\easy_plot_cpp-master(1)\easy_plot_cpp-master\include\main\easy_plot_draw.hpp(530,44): warning C4244: аргумент: преобразование "double" в "GLfloat", возможна потеря данных
  (компиляция исходного файла "FixedPointAriphmetic.cpp")
  
C:\Users\ilyam\Downloads\easy_plot_cpp-master(1)\easy_plot_cpp-master\include\main\easy_plot_draw.hpp(530,40): warning C4244: аргумент: преобразование "double" в "GLfloat", возможна потеря данных
  (компиляция исходного файла "FixedPointAriphmetic.cpp")
  
C:\Users\ilyam\Downloads\easy_plot_cpp-master(1)\easy_plot_cpp-master\include\main\easy_plot_draw.hpp(531,44): warning C4244: аргумент: преобразование "double" в "GLfloat", возможна потеря данных
  (компиляция исходного файла "FixedPointAriphmetic.cpp")
  
C:\Users\ilyam\Downloads\easy_plot_cpp-master(1)\easy_plot_cpp-master\include\main\easy_plot_draw.hpp(531,40): warning C4244: аргумент: преобразование "double" в "GLfloat", возможна потеря данных
  (компиляция исходного файла "FixedPointAriphmetic.cpp")
  
C:\Users\ilyam\Downloads\easy_plot_cpp-master(1)\easy_plot_cpp-master\include\main\easy_plot_draw.hpp(532,44): warning C4244: аргумент: преобразование "double" в "GLfloat", возможна потеря данных
  (компиляция исходного файла "FixedPointAriphmetic.cpp")
  
C:\Users\ilyam\Downloads\easy_plot_cpp-master(1)\easy_plot_cpp-master\include\main\easy_plot_draw.hpp(532,40): warning C4244: аргумент: преобразование "double" в "GLfloat", возможна потеря данных
  (компиляция исходного файла "FixedPointAriphmetic.cpp")
  
C:\Users\ilyam\Downloads\easy_plot_cpp-master(1)\easy_plot_cpp-master\include\main\easy_plot_draw.hpp(533,44): warning C4244: аргумент: преобразование "double" в "GLfloat", возможна потеря данных
  (компиляция исходного файла "FixedPointAriphmetic.cpp")
  
C:\Users\ilyam\Downloads\easy_plot_cpp-master(1)\easy_plot_cpp-master\include\main\easy_plot_draw.hpp(533,40): warning C4244: аргумент: преобразование "double" в "GLfloat", возможна потеря данных
  (компиляция исходного файла "FixedPointAriphmetic.cpp")
  
C:\Users\ilyam\Downloads\easy_plot_cpp-master(1)\easy_plot_cpp-master\include\main\easy_plot_draw.hpp(539,56): warning C4244: =: преобразование "double" в "size_t", возможна потеря данных
  (компиляция исходного файла "FixedPointAriphmetic.cpp")
  
C:\Users\ilyam\Downloads\easy_plot_cpp-master(1)\easy_plot_cpp-master\include\main\easy_plot_draw.hpp(540,56): warning C4244: =: преобразование "double" в "size_t", возможна потеря данных
  (компиляция исходного файла "FixedPointAriphmetic.cpp")
  
C:\Users\ilyam\Downloads\easy_plot_cpp-master(1)\easy_plot_cpp-master\include\main\easy_plot_draw.hpp(554,77): warning C4244: аргумент: преобразование "double" в "GLfloat", возможна потеря данных
  (компиляция исходного файла "FixedPointAriphmetic.cpp")
  
C:\Users\ilyam\Downloads\easy_plot_cpp-master(1)\easy_plot_cpp-master\include\main\easy_plot_draw.hpp(554,60): warning C4244: аргумент: преобразование "double" в "GLfloat", возможна потеря данных
  (компиляция исходного файла "FixedPointAriphmetic.cpp")
  
C:\Users\ilyam\Downloads\easy_plot_cpp-master(1)\easy_plot_cpp-master\include\main\easy_plot_draw.hpp(554,43): warning C4244: аргумент: преобразование "double" в "GLfloat", возможна потеря данных
  (компиляция исходного файла "FixedPointAriphmetic.cpp")
  
C:\Users\ilyam\Downloads\easy_plot_cpp-master(1)\easy_plot_cpp-master\include\main\easy_plot_draw.hpp(557,36): warning C4244: аргумент: преобразование "double" в "GLfloat", возможна потеря данных
  (компиляция исходного файла "FixedPointAriphmetic.cpp")
  
C:\Users\ilyam\Downloads\easy_plot_cpp-master(1)\easy_plot_cpp-master\include\main\easy_plot_draw.hpp(558,36): warning C4244: аргумент: преобразование "double" в "GLfloat", возможна потеря данных
  (компиляция исходного файла "FixedPointAriphmetic.cpp")
  
C:\Users\ilyam\Downloads\easy_plot_cpp-master(1)\easy_plot_cpp-master\include\main\easy_plot_draw.hpp(562,40): warning C4244: аргумент: преобразование "double" в "GLfloat", возможна потеря данных
  (компиляция исходного файла "FixedPointAriphmetic.cpp")
  
C:\Users\ilyam\Downloads\easy_plot_cpp-master(1)\easy_plot_cpp-master\include\main\easy_plot_draw.hpp(563,39): warning C4244: аргумент: преобразование "double" в "GLfloat", возможна потеря данных
  (компиляция исходного файла "FixedPointAriphmetic.cpp")
  
C:\Users\ilyam\Downloads\easy_plot_cpp-master(1)\easy_plot_cpp-master\include\main\easy_plot_draw.hpp(571,77): warning C4244: аргумент: преобразование "double" в "GLfloat", возможна потеря данных
  (компиляция исходного файла "FixedPointAriphmetic.cpp")
  
C:\Users\ilyam\Downloads\easy_plot_cpp-master(1)\easy_plot_cpp-master\include\main\easy_plot_draw.hpp(571,60): warning C4244: аргумент: преобразование "double" в "GLfloat", возможна потеря данных
  (компиляция исходного файла "FixedPointAriphmetic.cpp")
  
C:\Users\ilyam\Downloads\easy_plot_cpp-master(1)\easy_plot_cpp-master\include\main\easy_plot_draw.hpp(571,43): warning C4244: аргумент: преобразование "double" в "GLfloat", возможна потеря данных
  (компиляция исходного файла "FixedPointAriphmetic.cpp")
  
C:\Users\ilyam\Downloads\easy_plot_cpp-master(1)\easy_plot_cpp-master\include\main\easy_plot_draw.hpp(572,36): warning C4244: аргумент: преобразование "double" в "GLfloat", возможна потеря данных
  (компиляция исходного файла "FixedPointAriphmetic.cpp")
  
C:\Users\ilyam\Downloads\easy_plot_cpp-master(1)\easy_plot_cpp-master\include\main\easy_plot_draw.hpp(573,35): warning C4244: аргумент: преобразование "double" в "GLfloat", возможна потеря данных
  (компиляция исходного файла "FixedPointAriphmetic.cpp")
  
C:\Users\ilyam\Downloads\easy_plot_cpp-master(1)\easy_plot_cpp-master\include\main\easy_plot_draw.hpp(574,32): warning C4244: аргумент: преобразование "double" в "GLfloat", возможна потеря данных
  (компиляция исходного файла "FixedPointAriphmetic.cpp")
  
C:\Users\ilyam\Downloads\easy_plot_cpp-master(1)\easy_plot_cpp-master\include\main\easy_plot_draw.hpp(575,32): warning C4244: аргумент: преобразование "double" в "GLfloat", возможна потеря данных
  (компиляция исходного файла "FixedPointAriphmetic.cpp")
  
C:\Users\ilyam\Downloads\easy_plot_cpp-master(1)\easy_plot_cpp-master\include\main\easy_plot_draw.hpp(581,73): warning C4244: аргумент: преобразование "double" в "GLfloat", возможна потеря данных
  (компиляция исходного файла "FixedPointAriphmetic.cpp")
  
C:\Users\ilyam\Downloads\easy_plot_cpp-master(1)\easy_plot_cpp-master\include\main\easy_plot_draw.hpp(581,56): warning C4244: аргумент: преобразование "double" в "GLfloat", возможна потеря данных
  (компиляция исходного файла "FixedPointAriphmetic.cpp")
  
C:\Users\ilyam\Downloads\easy_plot_cpp-master(1)\easy_plot_cpp-master\include\main\easy_plot_draw.hpp(581,39): warning C4244: аргумент: преобразование "double" в "GLfloat", возможна потеря данных
  (компиляция исходного файла "FixedPointAriphmetic.cpp")
  
C:\Users\ilyam\Downloads\easy_plot_cpp-master(1)\easy_plot_cpp-master\include\main\easy_plot_draw.hpp(603,81): warning C4244: аргумент: преобразование "double" в "GLfloat", возможна потеря данных
  (компиляция исходного файла "FixedPointAriphmetic.cpp")
  
C:\Users\ilyam\Downloads\easy_plot_cpp-master(1)\easy_plot_cpp-master\include\main\easy_plot_draw.hpp(603,64): warning C4244: аргумент: преобразование "double" в "GLfloat", возможна потеря данных
  (компиляция исходного файла "FixedPointAriphmetic.cpp")
  
C:\Users\ilyam\Downloads\easy_plot_cpp-master(1)\easy_plot_cpp-master\include\main\easy_plot_draw.hpp(603,47): warning C4244: аргумент: преобразование "double" в "GLfloat", возможна потеря данных
  (компиляция исходного файла "FixedPointAriphmetic.cpp")
  
C:\Users\ilyam\Downloads\easy_plot_cpp-master(1)\easy_plot_cpp-master\include\main\easy_plot_draw.hpp(624,81): warning C4244: аргумент: преобразование "double" в "float", возможна потеря данных
  (компиляция исходного файла "FixedPointAriphmetic.cpp")
  
C:\Users\ilyam\Downloads\easy_plot_cpp-master(1)\easy_plot_cpp-master\include\main\easy_plot_draw.hpp(624,53): warning C4244: аргумент: преобразование "double" в "float", возможна потеря данных
  (компиляция исходного файла "FixedPointAriphmetic.cpp")
  
C:\Users\ilyam\Downloads\easy_plot_cpp-master(1)\easy_plot_cpp-master\include\main\easy_plot_draw.hpp(625,77): warning C4244: аргумент: преобразование "double" в "float", возможна потеря данных
  (компиляция исходного файла "FixedPointAriphmetic.cpp")
  
C:\Users\ilyam\Downloads\easy_plot_cpp-master(1)\easy_plot_cpp-master\include\main\easy_plot_draw.hpp(625,53): warning C4244: аргумент: преобразование "double" в "float", возможна потеря данных
  (компиляция исходного файла "FixedPointAriphmetic.cpp")
  
C:\Users\ilyam\Downloads\easy_plot_cpp-master(1)\easy_plot_cpp-master\include\main\easy_plot_draw.hpp(626,72): warning C4244: аргумент: преобразование "double" в "float", возможна потеря данных
  (компиляция исходного файла "FixedPointAriphmetic.cpp")
  
C:\Users\ilyam\Downloads\easy_plot_cpp-master(1)\easy_plot_cpp-master\include\main\easy_plot_draw.hpp(626,53): warning C4244: аргумент: преобразование "double" в "float", возможна потеря данных
  (компиляция исходного файла "FixedPointAriphmetic.cpp")
  
C:\Users\ilyam\Downloads\easy_plot_cpp-master(1)\easy_plot_cpp-master\include\main\easy_plot_draw.hpp(634,81): warning C4244: аргумент: преобразование "double" в "GLfloat", возможна потеря данных
  (компиляция исходного файла "FixedPointAriphmetic.cpp")
  
C:\Users\ilyam\Downloads\easy_plot_cpp-master(1)\easy_plot_cpp-master\include\main\easy_plot_draw.hpp(634,64): warning C4244: аргумент: преобразование "double" в "GLfloat", возможна потеря данных
  (компиляция исходного файла "FixedPointAriphmetic.cpp")
  
C:\Users\ilyam\Downloads\easy_plot_cpp-master(1)\easy_plot_cpp-master\include\main\easy_plot_draw.hpp(634,47): warning C4244: аргумент: преобразование "double" в "GLfloat", возможна потеря данных
  (компиляция исходного файла "FixedPointAriphmetic.cpp")
  
C:\Users\ilyam\Downloads\easy_plot_cpp-master(1)\easy_plot_cpp-master\include\main\easy_plot_draw.hpp(651,81): warning C4244: аргумент: преобразование "double" в "float", возможна потеря данных
  (компиляция исходного файла "FixedPointAriphmetic.cpp")
  
C:\Users\ilyam\Downloads\easy_plot_cpp-master(1)\easy_plot_cpp-master\include\main\easy_plot_draw.hpp(651,53): warning C4244: аргумент: преобразование "double" в "float", возможна потеря данных
  (компиляция исходного файла "FixedPointAriphmetic.cpp")
  
C:\Users\ilyam\Downloads\easy_plot_cpp-master(1)\easy_plot_cpp-master\include\main\easy_plot_draw.hpp(652,81): warning C4244: аргумент: преобразование "double" в "float", возможна потеря данных
  (компиляция исходного файла "FixedPointAriphmetic.cpp")
  
C:\Users\ilyam\Downloads\easy_plot_cpp-master(1)\easy_plot_cpp-master\include\main\easy_plot_draw.hpp(652,53): warning C4244: аргумент: преобразование "double" в "float", возможна потеря данных
  (компиляция исходного файла "FixedPointAriphmetic.cpp")
  
C:\Users\ilyam\Downloads\easy_plot_cpp-master(1)\easy_plot_cpp-master\include\main\easy_plot_draw.hpp(774,76): warning C4244: аргумент: преобразование "double" в "GLclampf", возможна потеря данных
  (компиляция исходного файла "FixedPointAriphmetic.cpp")
  
C:\Users\ilyam\Downloads\easy_plot_cpp-master(1)\easy_plot_cpp-master\include\main\easy_plot_draw.hpp(774,59): warning C4244: аргумент: преобразование "double" в "GLclampf", возможна потеря данных
  (компиляция исходного файла "FixedPointAriphmetic.cpp")
  
C:\Users\ilyam\Downloads\easy_plot_cpp-master(1)\easy_plot_cpp-master\include\main\easy_plot_draw.hpp(774,42): warning C4244: аргумент: преобразование "double" в "GLclampf", возможна потеря данных
  (компиляция исходного файла "FixedPointAriphmetic.cpp")
  
C:\Users\ilyam\Downloads\easy_plot_cpp-master(1)\easy_plot_cpp-master\include\easy_plot.hpp(86,70): warning C4267: return: преобразование из "size_t" в "int"; возможна потеря данных
  (компиляция исходного файла "FixedPointAriphmetic.cpp")
  
C:\Users\ilyam\source\repos\FixedPointAriphmetic\FixedPointAriphmetic\FixedPoint.h(3,10): warning C4067: непредвиденные лексемы за директивой препроцессора, требуется newline
  (компиляция исходного файла "FixedPointAriphmetic.cpp")
  
C:\Users\ilyam\source\repos\FixedPointAriphmetic\FixedPointAriphmetic\FixedPointAriphmetic.cpp(33,10): warning C4067: непредвиденные лексемы за директивой препроцессора, требуется newline
C:\Users\ilyam\source\repos\FixedPointAriphmetic\FixedPointAriphmetic\FixedPointAriphmetic.cpp(42,15): warning C4267: инициализация: преобразование из "size_t" в "int"; возможна потеря данных
C:\Users\ilyam\source\repos\FixedPointAriphmetic\FixedPointAriphmetic\FixedPointAriphmetic.cpp(66,15): warning C4267: инициализация: преобразование из "size_t" в "int"; возможна потеря данных
C:\Users\ilyam\source\repos\FixedPointAriphmetic\FixedPointAriphmetic\FixedPointAriphmetic.cpp(80,38): warning C4244: аргумент: преобразование "double" в "unsigned __int64", возможна потеря данных
  FixedPointAriphmetic.vcxproj -> C:\Users\ilyam\source\repos\FixedPointAriphmetic\x64\Debug\FixedPointAriphmetic.exe
